<?xml version="1.0" encoding="UTF-8"?>
<testsuite xmlns:xsi="http://www.w3.org/2001/XMLSchema-instance" xsi:schemaLocation="https://maven.apache.org/surefire/maven-surefire-plugin/xsd/surefire-test-report.xsd" name="runner.RunnerTest" time="32.384" tests="25" errors="0" skipped="0" failures="0">
  <properties>
[...]
</properties>
  <testcase name="Dado que o usuário está na página inicial" classname="Cenario: Mostrar usuário." time="0.002"/>
  <testcase name="E que o usuário clica no menu processos" classname="Cenario: Mostrar usuário." time="0"/>
  <testcase name="E o usuário clica no botão Novo Processo" classname="Cenario: Mostrar usuário." time="0"/>
  <testcase name="E o usuário preenche o campo &quot;processo_vara&quot; com o valor &quot;Teste Vara Insert&quot; no cadastro de processos" classname="Cenario: Mostrar usuário." time="0"/>
  <testcase name="E o usuário preenche o campo &quot;processo_numero_processo&quot; com o valor &quot;123&quot; no cadastro de processos" classname="Cenario: Mostrar usuário." time="0.002"/>
  <testcase name="E o usuário preenche o campo &quot;processo_natureza&quot; com o valor &quot;aaa&quot; no cadastro de processos" classname="Cenario: Mostrar usuário." time="0"/>
  <testcase name="E o usuário preenche o campo &quot;processo_partes&quot; com o valor &quot;asdasd&quot; no cadastro de processos" classname="Cenario: Mostrar usuário." time="0"/>
  <testcase name="E o usuário preenche o campo &quot;processo_urgente&quot; com o valor &quot;Sim&quot; no cadastro de processos" classname="Cenario: Mostrar usuário." time="0"/>
  <testcase name="E o usuário preenche o campo &quot;arbitramento&quot; com o valor &quot;sim&quot; no cadastro de processos" classname="Cenario: Mostrar usuário." time="0"/>
  <testcase name="E o usuário preenche o campo &quot;processo_assistente_social&quot; com o valor &quot;amnsvbd&quot; no cadastro de processos" classname="Cenario: Mostrar usuário." time="0"/>
  <testcase name="E o usuário preenche o campo &quot;processo_data_entrada&quot; com o valor &quot;17/12/2020&quot; no cadastro de processos" classname="Cenario: Mostrar usuário." time="0.001"/>
  <testcase name="E o usuário preenche o campo &quot;processo_status&quot; com o valor &quot;aberto&quot; no cadastro de processos" classname="Cenario: Mostrar usuário." time="0"/>
  <testcase name="E o usuário clicar no botão salvar no cadastro de processos" classname="Cenario: Mostrar usuário." time="0"/>
  <testcase name="E o usuário clicar em voltar para processos" classname="Cenario: Mostrar usuário." time="0"/>
  <testcase name="E o usuário clicar em mostrar processo" classname="Cenario: Mostrar usuário." time="0"/>
  <testcase name="Então o usuário deveria ver valor &quot;Teste Vara Insert&quot; no campo &quot;vara&quot;" classname="Cenario: Mostrar usuário." time="0"/>
  <testcase name="E o usuário deveria ver valor &quot;123&quot; no campo &quot;numero&quot;" classname="Cenario: Mostrar usuário." time="0"/>
  <testcase name="E o usuário deveria ver valor &quot;aaa&quot; no campo &quot;natureza&quot;" classname="Cenario: Mostrar usuário." time="0"/>
  <testcase name="E o usuário deveria ver valor &quot;asdasd&quot; no campo &quot;partes&quot;" classname="Cenario: Mostrar usuário." time="0"/>
  <testcase name="E o usuário deveria ver valor &quot;S&quot; no campo &quot;urgente&quot;" classname="Cenario: Mostrar usuário." time="0"/>
  <testcase name="E o usuário deveria ver valor &quot;S&quot; no campo &quot;arbitramento&quot;" classname="Cenario: Mostrar usuário." time="0"/>
  <testcase name="E o usuário deveria ver valor &quot;amnsvbd&quot; no campo &quot;as_social&quot;" classname="Cenario: Mostrar usuário." time="0"/>
  <testcase name="E o usuário deveria ver valor &quot;2020-12-17&quot; no campo &quot;dt_entrada&quot;" classname="Cenario: Mostrar usuário." time="0"/>
  <testcase name="E o usuário deveria ver valor &quot;aberto&quot; no campo &quot;status&quot;" classname="Cenario: Mostrar usuário." time="0"/>
  <testcase name="Cenario: Mostrar usuário." classname="Cenario: Mostrar usuário." time="0.086"/>
</testsuite>